<?xml version="1.0" encoding="UTF-8"?>
<!-- Generated by org.testng.reporters.JUnitXMLReporter -->
<testsuite ignored="1" hostname="QZ-LT-R-CTK-023" failures="2" tests="36" name="PersonalLoan" time="0.201" errors="0" timestamp="2024-09-30T14:51:53 IST">
  <testcase classname="RunningTestCasesInTestNG1.Code1" name="Demo" time="0.011"/>
  <testcase classname="RunningTestCasesInTestNG1.Code1" name="SecondTest" time="0.001"/>
  <testcase classname="RunningTestCasesInTestNG1.Code2PrioritizingTestCasesWithTestNG" name="ploan" time="0.001"/>
  <testcase classname="RunningTestCasesInTestNG1.Code3PrioritizingTestCasesWithTestNG" name="mobileLoginApiLoginCarLoan" time="0.002"/>
  <testcase classname="RunningTestCasesInTestNG1.Code3PrioritizingTestCasesWithTestNG" name="mobileLoginCarLoan" time="0.001"/>
  <testcase classname="RunningTestCasesInTestNG1.Code3PrioritizingTestCasesWithTestNG" name="mobileWebLoginCarLoan" time="0.003"/>
  <testcase classname="RunningTestCasesInTestNG1.Code4PrioritizingTestCasesWithTestNG" name="WebLoginHomeLoan" time="0.001"/>
  <testcase classname="RunningTestCasesInTestNG1.Code4PrioritizingTestCasesWithTestNG" name="loginApiLoginHomeLoan" time="0.001"/>
  <testcase classname="RunningTestCasesInTestNG1.Code4PrioritizingTestCasesWithTestNG" name="mobileLoginHomeLoan" time="0.002"/>
  <testcase classname="RunningTestCasesInTestNG1.Code5TestingAnnotations1" name="animal" time="0.002"/>
  <testcase classname="RunningTestCasesInTestNG1.Code6TestingAnnotations2" name="click" time="0.002"/>
  <testcase classname="RunningTestCasesInTestNG1.Code6TestingAnnotations2" name="submit" time="0.002"/>
  <testcase classname="RunningTestCasesInTestNG1.Code6TestingAnnotations2" name="subscribe" time="0.001"/>
  <testcase classname="RunningTestCasesInTestNG1.Code7TestingAnnotations2" name="Hi" time="0.001"/>
  <testcase classname="RunningTestCasesInTestNG1.Code7TestingAnnotations2" name="lastName" time="0.001"/>
  <testcase classname="RunningTestCasesInTestNG1.Code7TestingAnnotations2" name="welcome" time="0.001"/>
  <testcase classname="RunningTestCasesInTestNG1.Code8TestingAnnotations2" name="OK" time="0.002"/>
  <testcase classname="RunningTestCasesInTestNG1.Code8TestingAnnotations2" name="address" time="0.001"/>
  <testcase classname="RunningTestCasesInTestNG1.Code8TestingAnnotations2" name="payment" time="0.0"/>
  <testcase classname="RunningTestCasesInTestNG1.Code9UsageOfGroupsFunctionality1" name="bike" time="0.001"/>
  <testcase classname="RunningTestCasesInTestNG1.Code9UsageOfGroupsFunctionality1" name="end" time="0.0"/>
  <testcase classname="RunningTestCasesInTestNG1.Code9UsageOfGroupsFunctionality1" name="transport" time="0.002"/>
  <testcase classname="RunningTestCasesInTestNG1.Code10UsageOfGroupsFunctionality2" name="start" time="0.002"/>
  <testcase classname="RunningTestCasesInTestNG1.Code11AnnotationsHelperAttributesWithExample" name="check" time="0.002"/>
  <testcase classname="RunningTestCasesInTestNG1.Code11AnnotationsHelperAttributesWithExample" name="run" time="0.001"/>
  <testcase classname="RunningTestCasesInTestNG1.Code11AnnotationsHelperAttributesWithExample" name="address" time="0.006"/>
  <testcase classname="RunningTestCasesInTestNG1.Code12ParameterizingFromTestNGxmlFile" name="click" time="0.0"/>
  <testcase classname="RunningTestCasesInTestNG1.Code12ParameterizingFromTestNGxmlFile" name="setUp" time="0.002"/>
  <testcase classname="RunningTestCasesInTestNG1.Code13DataProviderAnnotation1" name="aeroplane" time="0.004"/>
  <testcase classname="RunningTestCasesInTestNG1.Code13DataProviderAnnotation1" name="jet" time="0.002"/>
  <testcase classname="RunningTestCasesInTestNG1.Code14DataProviderAnnotation2" name="check" time="0.001"/>
  <testcase classname="RunningTestCasesInTestNG1.Code14DataProviderAnnotation2" name="check" time="0.001"/>
  <testcase classname="RunningTestCasesInTestNG1.Code14DataProviderAnnotation2" name="check" time="0.001"/>
  <testcase classname="RunningTestCasesInTestNG1.Code15ListenersInterfaceInTestNG2failedTestCase" name="first" time="0.007">
    <failure type="java.lang.AssertionError" message="expected [true] but found [false]">
      <![CDATA[java.lang.AssertionError: expected [true] but found [false]
at RunningTestCasesInTestNG1.Code15ListenersInterfaceInTestNG2failedTestCase.first(Code15ListenersInterfaceInTestNG2failedTestCase.java:17)
at java.base/java.util.ArrayList.forEach(ArrayList.java:1596)
at java.base/java.util.concurrent.FutureTask.run(FutureTask.java:317)
at java.base/java.util.concurrent.ThreadPoolExecutor.runWorker(ThreadPoolExecutor.java:1144)
at java.base/java.util.concurrent.ThreadPoolExecutor$Worker.run(ThreadPoolExecutor.java:642)
at java.base/java.lang.Thread.run(Thread.java:1583)
... Removed 20 stack frames]]>
    </failure>
  </testcase> <!-- first -->
  <testcase classname="RunningTestCasesInTestNG1.Code16RunnungTestsInParallelAndGeneratingReports2" name="evaluated" time="0.001">
    <failure type="java.lang.AssertionError" message="expected [true] but found [false]">
      <![CDATA[java.lang.AssertionError: expected [true] but found [false]
at RunningTestCasesInTestNG1.Code16RunnungTestsInParallelAndGeneratingReports2.evaluated(Code16RunnungTestsInParallelAndGeneratingReports2.java:19)
at java.base/java.util.ArrayList.forEach(ArrayList.java:1596)
at java.base/java.util.concurrent.FutureTask.run(FutureTask.java:317)
at java.base/java.util.concurrent.ThreadPoolExecutor.runWorker(ThreadPoolExecutor.java:1144)
at java.base/java.util.concurrent.ThreadPoolExecutor$Worker.run(ThreadPoolExecutor.java:642)
at java.base/java.lang.Thread.run(Thread.java:1583)
... Removed 20 stack frames]]>
    </failure>
  </testcase> <!-- evaluated -->
  <testcase classname="RunningTestCasesInTestNG1.Code11AnnotationsHelperAttributesWithExample" name="payment" time="0.001"/>
  <testcase classname="RunningTestCasesInTestNG1.Code11AnnotationsHelperAttributesWithExample" name="OK" time="0.0">
    <ignored/>
  </testcase> <!-- OK -->
</testsuite> <!-- PersonalLoan -->
