<html>
<head>
<title>TestNG:  PersonalLoan</title>
<link href="../testng.css" rel="stylesheet" type="text/css" />
<link href="../my-testng.css" rel="stylesheet" type="text/css" />

<style type="text/css">
.log { display: none;} 
.stack-trace { display: none;} 
</style>
<script type="text/javascript">
<!--
function flip(e) {
  current = e.style.display;
  if (current == 'block') {
    e.style.display = 'none';
    return 0;
  }
  else {
    e.style.display = 'block';
    return 1;
  }
}

function toggleBox(szDivId, elem, msg1, msg2)
{
  var res = -1;  if (document.getElementById) {
    res = flip(document.getElementById(szDivId));
  }
  else if (document.all) {
    // this is the way old msie versions work
    res = flip(document.all[szDivId]);
  }
  if(elem) {
    if(res == 0) elem.innerHTML = msg1; else elem.innerHTML = msg2;
  }

}

function toggleAllBoxes() {
  if (document.getElementsByTagName) {
    d = document.getElementsByTagName('div');
    for (i = 0; i < d.length; i++) {
      if (d[i].className == 'log') {
        flip(d[i]);
      }
    }
  }
}

// -->
</script>

</head>
<body>
<h2 align='center'>PersonalLoan</h2><table border='1' align="center">
<tr>
<td>Tests passed/Failed/Skipped:</td><td>34/2/0</td>
</tr><tr>
<td>Started on:</td><td>Mon Sep 30 14:51:53 IST 2024</td>
</tr>
<tr><td>Total time:</td><td>0 seconds (201 ms)</td>
</tr><tr>
<td>Included groups:</td><td></td>
</tr><tr>
<td>Excluded groups:</td><td></td>
</tr>
</table><p/>
<small><i>(Hover the method name to see the test class name)</i></small><p/>
<table width='100%' border='1' class='invocation-failed'>
<tr><td colspan='4' align='center'><b>FAILED TESTS</b></td></tr>
<tr><td><b>Test method</b></td>
<td width="30%"><b>Exception</b></td>
<td width="10%"><b>Time (seconds)</b></td>
<td><b>Instance</b></td>
</tr>
<tr>
<td title='RunningTestCasesInTestNG1.Code16RunnungTestsInParallelAndGeneratingReports2.evaluated()'><b>evaluated</b><br>Test class: RunningTestCasesInTestNG1.Code16RunnungTestsInParallelAndGeneratingReports2</td>
<td><div><pre>java.lang.AssertionError: expected [true] but found [false]
	at RunningTestCasesInTestNG1.Code16RunnungTestsInParallelAndGeneratingReports2.evaluated(Code16RunnungTestsInParallelAndGeneratingReports2.java:19)
	at java.base/java.util.ArrayList.forEach(ArrayList.java:1596)
	at java.base/java.util.concurrent.FutureTask.run(FutureTask.java:317)
	at java.base/java.util.concurrent.ThreadPoolExecutor.runWorker(ThreadPoolExecutor.java:1144)
	at java.base/java.util.concurrent.ThreadPoolExecutor$Worker.run(ThreadPoolExecutor.java:642)
	at java.base/java.lang.Thread.run(Thread.java:1583)
... Removed 20 stack frames</pre></div><a href='#' onClick='toggleBox("stack-trace364322118", this, "Click to show all stack frames", "Click to hide stack frames")'>Click to show all stack frames</a>
<div class='stack-trace' id='stack-trace364322118'><pre>java.lang.AssertionError: expected [true] but found [false]
	at org.testng.Assert.fail(Assert.java:99)
	at org.testng.Assert.failNotEquals(Assert.java:1037)
	at org.testng.Assert.assertTrue(Assert.java:45)
	at org.testng.Assert.assertTrue(Assert.java:55)
	at RunningTestCasesInTestNG1.Code16RunnungTestsInParallelAndGeneratingReports2.evaluated(Code16RunnungTestsInParallelAndGeneratingReports2.java:19)
	at java.base/jdk.internal.reflect.DirectMethodHandleAccessor.invoke(DirectMethodHandleAccessor.java:103)
	at java.base/java.lang.reflect.Method.invoke(Method.java:580)
	at org.testng.internal.MethodInvocationHelper.invokeMethod(MethodInvocationHelper.java:133)
	at org.testng.internal.TestInvoker.invokeMethod(TestInvoker.java:598)
	at org.testng.internal.TestInvoker.invokeTestMethod(TestInvoker.java:173)
	at org.testng.internal.MethodRunner.runInSequence(MethodRunner.java:46)
	at org.testng.internal.TestInvoker$MethodInvocationAgent.invoke(TestInvoker.java:824)
	at org.testng.internal.TestInvoker.invokeTestMethods(TestInvoker.java:146)
	at org.testng.internal.TestMethodWorker.invokeTestMethods(TestMethodWorker.java:146)
	at org.testng.internal.TestMethodWorker.run(TestMethodWorker.java:128)
	at java.base/java.util.ArrayList.forEach(ArrayList.java:1596)
	at org.testng.TestRunner.privateRun(TestRunner.java:794)
	at org.testng.TestRunner.run(TestRunner.java:596)
	at org.testng.SuiteRunner.runTest(SuiteRunner.java:377)
	at org.testng.SuiteRunner.access$000(SuiteRunner.java:28)
	at org.testng.SuiteRunner$SuiteWorker.run(SuiteRunner.java:418)
	at org.testng.internal.thread.ThreadUtil.lambda$execute$0(ThreadUtil.java:64)
	at java.base/java.util.concurrent.FutureTask.run(FutureTask.java:317)
	at java.base/java.util.concurrent.ThreadPoolExecutor.runWorker(ThreadPoolExecutor.java:1144)
	at java.base/java.util.concurrent.ThreadPoolExecutor$Worker.run(ThreadPoolExecutor.java:642)
	at java.base/java.lang.Thread.run(Thread.java:1583)
</pre></div></td>
<td>0</td>
<td>RunningTestCasesInTestNG1.Code16RunnungTestsInParallelAndGeneratingReports2@659499f1</td></tr>
<tr>
<td title='RunningTestCasesInTestNG1.Code15ListenersInterfaceInTestNG2failedTestCase.first()'><b>first</b><br>Test class: RunningTestCasesInTestNG1.Code15ListenersInterfaceInTestNG2failedTestCase</td>
<td><div><pre>java.lang.AssertionError: expected [true] but found [false]
	at RunningTestCasesInTestNG1.Code15ListenersInterfaceInTestNG2failedTestCase.first(Code15ListenersInterfaceInTestNG2failedTestCase.java:17)
	at java.base/java.util.ArrayList.forEach(ArrayList.java:1596)
	at java.base/java.util.concurrent.FutureTask.run(FutureTask.java:317)
	at java.base/java.util.concurrent.ThreadPoolExecutor.runWorker(ThreadPoolExecutor.java:1144)
	at java.base/java.util.concurrent.ThreadPoolExecutor$Worker.run(ThreadPoolExecutor.java:642)
	at java.base/java.lang.Thread.run(Thread.java:1583)
... Removed 20 stack frames</pre></div><a href='#' onClick='toggleBox("stack-trace1201926170", this, "Click to show all stack frames", "Click to hide stack frames")'>Click to show all stack frames</a>
<div class='stack-trace' id='stack-trace1201926170'><pre>java.lang.AssertionError: expected [true] but found [false]
	at org.testng.Assert.fail(Assert.java:99)
	at org.testng.Assert.failNotEquals(Assert.java:1037)
	at org.testng.Assert.assertTrue(Assert.java:45)
	at org.testng.Assert.assertTrue(Assert.java:55)
	at RunningTestCasesInTestNG1.Code15ListenersInterfaceInTestNG2failedTestCase.first(Code15ListenersInterfaceInTestNG2failedTestCase.java:17)
	at java.base/jdk.internal.reflect.DirectMethodHandleAccessor.invoke(DirectMethodHandleAccessor.java:103)
	at java.base/java.lang.reflect.Method.invoke(Method.java:580)
	at org.testng.internal.MethodInvocationHelper.invokeMethod(MethodInvocationHelper.java:133)
	at org.testng.internal.TestInvoker.invokeMethod(TestInvoker.java:598)
	at org.testng.internal.TestInvoker.invokeTestMethod(TestInvoker.java:173)
	at org.testng.internal.MethodRunner.runInSequence(MethodRunner.java:46)
	at org.testng.internal.TestInvoker$MethodInvocationAgent.invoke(TestInvoker.java:824)
	at org.testng.internal.TestInvoker.invokeTestMethods(TestInvoker.java:146)
	at org.testng.internal.TestMethodWorker.invokeTestMethods(TestMethodWorker.java:146)
	at org.testng.internal.TestMethodWorker.run(TestMethodWorker.java:128)
	at java.base/java.util.ArrayList.forEach(ArrayList.java:1596)
	at org.testng.TestRunner.privateRun(TestRunner.java:794)
	at org.testng.TestRunner.run(TestRunner.java:596)
	at org.testng.SuiteRunner.runTest(SuiteRunner.java:377)
	at org.testng.SuiteRunner.access$000(SuiteRunner.java:28)
	at org.testng.SuiteRunner$SuiteWorker.run(SuiteRunner.java:418)
	at org.testng.internal.thread.ThreadUtil.lambda$execute$0(ThreadUtil.java:64)
	at java.base/java.util.concurrent.FutureTask.run(FutureTask.java:317)
	at java.base/java.util.concurrent.ThreadPoolExecutor.runWorker(ThreadPoolExecutor.java:1144)
	at java.base/java.util.concurrent.ThreadPoolExecutor$Worker.run(ThreadPoolExecutor.java:642)
	at java.base/java.lang.Thread.run(Thread.java:1583)
</pre></div></td>
<td>0</td>
<td>RunningTestCasesInTestNG1.Code15ListenersInterfaceInTestNG2failedTestCase@82de64a</td></tr>
</table><p>
<table width='100%' border='1' class='invocation-passed'>
<tr><td colspan='4' align='center'><b>PASSED TESTS</b></td></tr>
<tr><td><b>Test method</b></td>
<td width="30%"><b>Exception</b></td>
<td width="10%"><b>Time (seconds)</b></td>
<td><b>Instance</b></td>
</tr>
<tr>
<td title='RunningTestCasesInTestNG1.Code14DataProviderAnnotation2.check()'><b>check</b><br>Test class: RunningTestCasesInTestNG1.Code14DataProviderAnnotation2<br>Parameters: secondsetUserName, secondPassword</td>
<td></td>
<td>0</td>
<td>RunningTestCasesInTestNG1.Code14DataProviderAnnotation2@27462a88</td></tr>
<tr>
<td title='RunningTestCasesInTestNG1.Code7TestingAnnotations2.welcome()'><b>welcome</b><br>Test class: RunningTestCasesInTestNG1.Code7TestingAnnotations2</td>
<td></td>
<td>0</td>
<td>RunningTestCasesInTestNG1.Code7TestingAnnotations2@23c30a20</td></tr>
<tr>
<td title='RunningTestCasesInTestNG1.Code4PrioritizingTestCasesWithTestNG.mobileLoginHomeLoan()'><b>mobileLoginHomeLoan</b><br>Test class: RunningTestCasesInTestNG1.Code4PrioritizingTestCasesWithTestNG</td>
<td></td>
<td>0</td>
<td>RunningTestCasesInTestNG1.Code4PrioritizingTestCasesWithTestNG@7c24b813</td></tr>
<tr>
<td title='RunningTestCasesInTestNG1.Code2PrioritizingTestCasesWithTestNG.ploan()'><b>ploan</b><br>Test class: RunningTestCasesInTestNG1.Code2PrioritizingTestCasesWithTestNG</td>
<td></td>
<td>0</td>
<td>RunningTestCasesInTestNG1.Code2PrioritizingTestCasesWithTestNG@5d7148e2</td></tr>
<tr>
<td title='RunningTestCasesInTestNG1.Code3PrioritizingTestCasesWithTestNG.mobileWebLoginCarLoan()'><b>mobileWebLoginCarLoan</b><br>Test class: RunningTestCasesInTestNG1.Code3PrioritizingTestCasesWithTestNG</td>
<td></td>
<td>0</td>
<td>RunningTestCasesInTestNG1.Code3PrioritizingTestCasesWithTestNG@25fb8912</td></tr>
<tr>
<td title='RunningTestCasesInTestNG1.Code7TestingAnnotations2.lastName()'><b>lastName</b><br>Test class: RunningTestCasesInTestNG1.Code7TestingAnnotations2</td>
<td></td>
<td>0</td>
<td>RunningTestCasesInTestNG1.Code7TestingAnnotations2@23c30a20</td></tr>
<tr>
<td title='RunningTestCasesInTestNG1.Code12ParameterizingFromTestNGxmlFile.click()'><b>click</b><br>Test class: RunningTestCasesInTestNG1.Code12ParameterizingFromTestNGxmlFile</td>
<td></td>
<td>0</td>
<td>RunningTestCasesInTestNG1.Code12ParameterizingFromTestNGxmlFile@49049a04</td></tr>
<tr>
<td title='RunningTestCasesInTestNG1.Code3PrioritizingTestCasesWithTestNG.mobileLoginApiLoginCarLoan()'><b>mobileLoginApiLoginCarLoan</b><br>Test class: RunningTestCasesInTestNG1.Code3PrioritizingTestCasesWithTestNG</td>
<td></td>
<td>0</td>
<td>RunningTestCasesInTestNG1.Code3PrioritizingTestCasesWithTestNG@25fb8912</td></tr>
<tr>
<td title='RunningTestCasesInTestNG1.Code11AnnotationsHelperAttributesWithExample.check()'><b>check</b><br>Test class: RunningTestCasesInTestNG1.Code11AnnotationsHelperAttributesWithExample</td>
<td></td>
<td>0</td>
<td>RunningTestCasesInTestNG1.Code11AnnotationsHelperAttributesWithExample@6253c26</td></tr>
<tr>
<td title='RunningTestCasesInTestNG1.Code11AnnotationsHelperAttributesWithExample.address()'><b>address</b><br>Test class: RunningTestCasesInTestNG1.Code11AnnotationsHelperAttributesWithExample</td>
<td></td>
<td>0</td>
<td>RunningTestCasesInTestNG1.Code11AnnotationsHelperAttributesWithExample@6253c26</td></tr>
<tr>
<td title='RunningTestCasesInTestNG1.Code8TestingAnnotations2.payment()'><b>payment</b><br>Test class: RunningTestCasesInTestNG1.Code8TestingAnnotations2</td>
<td></td>
<td>0</td>
<td>RunningTestCasesInTestNG1.Code8TestingAnnotations2@1e1a0406</td></tr>
<tr>
<td title='RunningTestCasesInTestNG1.Code8TestingAnnotations2.OK()'><b>OK</b><br>Test class: RunningTestCasesInTestNG1.Code8TestingAnnotations2</td>
<td></td>
<td>0</td>
<td>RunningTestCasesInTestNG1.Code8TestingAnnotations2@1e1a0406</td></tr>
<tr>
<td title='RunningTestCasesInTestNG1.Code10UsageOfGroupsFunctionality2.start()'><b>start</b><br>Test class: RunningTestCasesInTestNG1.Code10UsageOfGroupsFunctionality2</td>
<td></td>
<td>0</td>
<td>RunningTestCasesInTestNG1.Code10UsageOfGroupsFunctionality2@12aba8be</td></tr>
<tr>
<td title='RunningTestCasesInTestNG1.Code11AnnotationsHelperAttributesWithExample.run()'><b>run</b><br>Test class: RunningTestCasesInTestNG1.Code11AnnotationsHelperAttributesWithExample</td>
<td></td>
<td>0</td>
<td>RunningTestCasesInTestNG1.Code11AnnotationsHelperAttributesWithExample@6253c26</td></tr>
<tr>
<td title='RunningTestCasesInTestNG1.Code4PrioritizingTestCasesWithTestNG.loginApiLoginHomeLoan()'><b>loginApiLoginHomeLoan</b><br>Test class: RunningTestCasesInTestNG1.Code4PrioritizingTestCasesWithTestNG</td>
<td></td>
<td>0</td>
<td>RunningTestCasesInTestNG1.Code4PrioritizingTestCasesWithTestNG@7c24b813</td></tr>
<tr>
<td title='RunningTestCasesInTestNG1.Code11AnnotationsHelperAttributesWithExample.payment()'><b>payment</b><br>Test class: RunningTestCasesInTestNG1.Code11AnnotationsHelperAttributesWithExample</td>
<td></td>
<td>0</td>
<td>RunningTestCasesInTestNG1.Code11AnnotationsHelperAttributesWithExample@6253c26</td></tr>
<tr>
<td title='RunningTestCasesInTestNG1.Code3PrioritizingTestCasesWithTestNG.mobileLoginCarLoan()'><b>mobileLoginCarLoan</b><br>Test class: RunningTestCasesInTestNG1.Code3PrioritizingTestCasesWithTestNG</td>
<td></td>
<td>0</td>
<td>RunningTestCasesInTestNG1.Code3PrioritizingTestCasesWithTestNG@25fb8912</td></tr>
<tr>
<td title='RunningTestCasesInTestNG1.Code13DataProviderAnnotation1.jet()'><b>jet</b><br>Test class: RunningTestCasesInTestNG1.Code13DataProviderAnnotation1</td>
<td></td>
<td>0</td>
<td>RunningTestCasesInTestNG1.Code13DataProviderAnnotation1@71a8adcf</td></tr>
<tr>
<td title='RunningTestCasesInTestNG1.Code6TestingAnnotations2.click()'><b>click</b><br>Test class: RunningTestCasesInTestNG1.Code6TestingAnnotations2</td>
<td></td>
<td>0</td>
<td>RunningTestCasesInTestNG1.Code6TestingAnnotations2@437da279</td></tr>
<tr>
<td title='RunningTestCasesInTestNG1.Code9UsageOfGroupsFunctionality1.end()'><b>end</b><br>Test class: RunningTestCasesInTestNG1.Code9UsageOfGroupsFunctionality1</td>
<td></td>
<td>0</td>
<td>RunningTestCasesInTestNG1.Code9UsageOfGroupsFunctionality1@3cebbb30</td></tr>
<tr>
<td title='RunningTestCasesInTestNG1.Code4PrioritizingTestCasesWithTestNG.WebLoginHomeLoan()'><b>WebLoginHomeLoan</b><br>Test class: RunningTestCasesInTestNG1.Code4PrioritizingTestCasesWithTestNG</td>
<td></td>
<td>0</td>
<td>RunningTestCasesInTestNG1.Code4PrioritizingTestCasesWithTestNG@7c24b813</td></tr>
<tr>
<td title='RunningTestCasesInTestNG1.Code5TestingAnnotations1.animal()'><b>animal</b><br>Test class: RunningTestCasesInTestNG1.Code5TestingAnnotations1</td>
<td></td>
<td>0</td>
<td>RunningTestCasesInTestNG1.Code5TestingAnnotations1@1de5f259</td></tr>
<tr>
<td title='RunningTestCasesInTestNG1.Code9UsageOfGroupsFunctionality1.transport()'><b>transport</b><br>Test class: RunningTestCasesInTestNG1.Code9UsageOfGroupsFunctionality1</td>
<td></td>
<td>0</td>
<td>RunningTestCasesInTestNG1.Code9UsageOfGroupsFunctionality1@3cebbb30</td></tr>
<tr>
<td title='RunningTestCasesInTestNG1.Code9UsageOfGroupsFunctionality1.bike()'><b>bike</b><br>Test class: RunningTestCasesInTestNG1.Code9UsageOfGroupsFunctionality1</td>
<td></td>
<td>0</td>
<td>RunningTestCasesInTestNG1.Code9UsageOfGroupsFunctionality1@3cebbb30</td></tr>
<tr>
<td title='RunningTestCasesInTestNG1.Code1.Demo()'><b>Demo</b><br>Test class: RunningTestCasesInTestNG1.Code1</td>
<td></td>
<td>0</td>
<td>RunningTestCasesInTestNG1.Code1@20ccf40b</td></tr>
<tr>
<td title='RunningTestCasesInTestNG1.Code8TestingAnnotations2.address()'><b>address</b><br>Test class: RunningTestCasesInTestNG1.Code8TestingAnnotations2</td>
<td></td>
<td>0</td>
<td>RunningTestCasesInTestNG1.Code8TestingAnnotations2@1e1a0406</td></tr>
<tr>
<td title='RunningTestCasesInTestNG1.Code6TestingAnnotations2.subscribe()'><b>subscribe</b><br>Test class: RunningTestCasesInTestNG1.Code6TestingAnnotations2</td>
<td></td>
<td>0</td>
<td>RunningTestCasesInTestNG1.Code6TestingAnnotations2@437da279</td></tr>
<tr>
<td title='RunningTestCasesInTestNG1.Code7TestingAnnotations2.Hi()'><b>Hi</b><br>Test class: RunningTestCasesInTestNG1.Code7TestingAnnotations2</td>
<td></td>
<td>0</td>
<td>RunningTestCasesInTestNG1.Code7TestingAnnotations2@23c30a20</td></tr>
<tr>
<td title='RunningTestCasesInTestNG1.Code12ParameterizingFromTestNGxmlFile.setUp()'><b>setUp</b><br>Test class: RunningTestCasesInTestNG1.Code12ParameterizingFromTestNGxmlFile<br>Parameters: qaclickacademy.com</td>
<td></td>
<td>0</td>
<td>RunningTestCasesInTestNG1.Code12ParameterizingFromTestNGxmlFile@49049a04</td></tr>
<tr>
<td title='RunningTestCasesInTestNG1.Code1.SecondTest()'><b>SecondTest</b><br>Test class: RunningTestCasesInTestNG1.Code1</td>
<td></td>
<td>0</td>
<td>RunningTestCasesInTestNG1.Code1@20ccf40b</td></tr>
<tr>
<td title='RunningTestCasesInTestNG1.Code14DataProviderAnnotation2.check()'><b>check</b><br>Test class: RunningTestCasesInTestNG1.Code14DataProviderAnnotation2<br>Parameters: firstsetUserName, password</td>
<td></td>
<td>0</td>
<td>RunningTestCasesInTestNG1.Code14DataProviderAnnotation2@27462a88</td></tr>
<tr>
<td title='RunningTestCasesInTestNG1.Code13DataProviderAnnotation1.aeroplane()'><b>aeroplane</b><br>Test class: RunningTestCasesInTestNG1.Code13DataProviderAnnotation1<br>Parameters: qaclickacademy.com, 123456</td>
<td></td>
<td>0</td>
<td>RunningTestCasesInTestNG1.Code13DataProviderAnnotation1@71a8adcf</td></tr>
<tr>
<td title='RunningTestCasesInTestNG1.Code6TestingAnnotations2.submit()'><b>submit</b><br>Test class: RunningTestCasesInTestNG1.Code6TestingAnnotations2</td>
<td></td>
<td>0</td>
<td>RunningTestCasesInTestNG1.Code6TestingAnnotations2@437da279</td></tr>
<tr>
<td title='RunningTestCasesInTestNG1.Code14DataProviderAnnotation2.check()'><b>check</b><br>Test class: RunningTestCasesInTestNG1.Code14DataProviderAnnotation2<br>Parameters: thirdsetUserName, thirdPassword</td>
<td></td>
<td>0</td>
<td>RunningTestCasesInTestNG1.Code14DataProviderAnnotation2@27462a88</td></tr>
</table><p>
</body>
</html>